[   102.062] (--) Log file renamed from "/home/chinwendu/.local/share/xorg/Xorg.pid-1406.log" to "/home/chinwendu/.local/share/xorg/Xorg.0.log"
[   102.064] 
X.Org X Server 1.20.9
X Protocol Version 11, Revision 0
[   102.064] Build Operating System: Linux 4.15.0-130-generic x86_64 Ubuntu
[   102.064] Current Operating System: Linux chinwendu-VirtualBox 5.8.0-43-generic #49~20.04.1-Ubuntu SMP Fri Feb 5 09:57:56 UTC 2021 x86_64
[   102.064] Kernel command line: BOOT_IMAGE=/boot/vmlinuz-5.8.0-43-generic root=UUID=e3521e41-d25b-4777-863d-25e843b450c6 ro quiet splash
[   102.064] Build Date: 17 January 2021  09:13:31AM
[   102.064] xorg-server 2:1.20.9-2ubuntu1.2~20.04.1 (For technical support please see http://www.ubuntu.com/support) 
[   102.064] Current version of pixman: 0.38.4
[   102.064] 	Before reporting problems, check http://wiki.x.org
	to make sure that you have the latest version.
[   102.064] Markers: (--) probed, (**) from config file, (==) default setting,
	(++) from command line, (!!) notice, (II) informational,
	(WW) warning, (EE) error, (NI) not implemented, (??) unknown.
[   102.065] (==) Log file: "/home/chinwendu/.local/share/xorg/Xorg.0.log", Time: Thu Feb 10 15:25:28 2022
[   102.103] (==) Using system config directory "/usr/share/X11/xorg.conf.d"
[   102.171] (==) No Layout section.  Using the first Screen section.
[   102.171] (==) No screen section available. Using defaults.
[   102.171] (**) |-->Screen "Default Screen Section" (0)
[   102.171] (**) |   |-->Monitor "<default monitor>"
[   102.174] (==) No monitor specified for screen "Default Screen Section".
	Using a default monitor configuration.
[   102.174] (==) Automatically adding devices
[   102.174] (==) Automatically enabling devices
[   102.174] (==) Automatically adding GPU devices
[   102.174] (==) Automatically binding GPU devices
[   102.174] (==) Max clients allowed: 256, resource mask: 0x1fffff
[   102.174] (WW) The directory "/usr/share/fonts/X11/cyrillic" does not exist.
[   102.174] 	Entry deleted from font path.
[   102.174] (WW) The directory "/usr/share/fonts/X11/100dpi/" does not exist.
[   102.174] 	Entry deleted from font path.
[   102.174] (WW) The directory "/usr/share/fonts/X11/75dpi/" does not exist.
[   102.174] 	Entry deleted from font path.
[   102.174] (WW) The directory "/usr/share/fonts/X11/100dpi" does not exist.
[   102.174] 	Entry deleted from font path.
[   102.174] (WW) The directory "/usr/share/fonts/X11/75dpi" does not exist.
[   102.174] 	Entry deleted from font path.
[   102.174] (==) FontPath set to:
	/usr/share/fonts/X11/misc,
	/usr/share/fonts/X11/Type1,
	built-ins
[   102.174] (==) ModulePath set to "/usr/lib/xorg/modules"
[   102.174] (II) The server relies on udev to provide the list of input devices.
	If no devices become available, reconfigure udev or disable AutoAddDevices.
[   102.174] (II) Loader magic: 0x55da01e8d020
[   102.174] (II) Module ABI versions:
[   102.174] 	X.Org ANSI C Emulation: 0.4
[   102.174] 	X.Org Video Driver: 24.1
[   102.174] 	X.Org XInput driver : 24.1
[   102.174] 	X.Org Server Extension : 10.0
[   102.177] (++) using VT number 2

[   102.194] (II) systemd-logind: took control of session /org/freedesktop/login1/session/_32
[   102.198] (II) xfree86: Adding drm device (/dev/dri/card0)
[   102.208] (II) systemd-logind: got fd for /dev/dri/card0 226:0 fd 12 paused 0
[   102.213] (--) PCI:*(0@0:2:0) 15ad:0405:15ad:0405 rev 0, Mem @ 0xe0000000/16777216, 0xf0000000/2097152, I/O @ 0x0000d010/16, BIOS @ 0x????????/131072
[   102.224] (II) LoadModule: "glx"
[   102.275] (II) Loading /usr/lib/xorg/modules/extensions/libglx.so
[   102.300] (II) Module glx: vendor="X.Org Foundation"
[   102.300] 	compiled for 1.20.9, module version = 1.0.0
[   102.300] 	ABI class: X.Org Server Extension, version 10.0
[   102.300] (==) Matched vmware as autoconfigured driver 0
[   102.300] (==) Matched modesetting as autoconfigured driver 1
[   102.300] (==) Matched fbdev as autoconfigured driver 2
[   102.300] (==) Matched vesa as autoconfigured driver 3
[   102.300] (==) Assigned the driver to the xf86ConfigLayout
[   102.300] (II) LoadModule: "vmware"
[   102.300] (II) Loading /usr/lib/xorg/modules/drivers/vmware_drv.so
[   102.473] (II) Module vmware: vendor="X.Org Foundation"
[   102.473] 	compiled for 1.20.8, module version = 13.3.0
[   102.473] 	Module class: X.Org Video Driver
[   102.473] 	ABI class: X.Org Video Driver, version 24.1
[   102.473] (II) LoadModule: "modesetting"
[   102.473] (II) Loading /usr/lib/xorg/modules/drivers/modesetting_drv.so
[   102.491] (II) Module modesetting: vendor="X.Org Foundation"
[   102.491] 	compiled for 1.20.9, module version = 1.20.9
[   102.491] 	Module class: X.Org Video Driver
[   102.491] 	ABI class: X.Org Video Driver, version 24.1
[   102.491] (II) LoadModule: "fbdev"
[   102.492] (II) Loading /usr/lib/xorg/modules/drivers/fbdev_drv.so
[   102.506] (II) Module fbdev: vendor="X.Org Foundation"
[   102.507] 	compiled for 1.20.1, module version = 0.5.0
[   102.507] 	Module class: X.Org Video Driver
[   102.507] 	ABI class: X.Org Video Driver, version 24.0
[   102.508] (II) LoadModule: "vesa"
[   102.508] (II) Loading /usr/lib/xorg/modules/drivers/vesa_drv.so
[   102.511] (II) Module vesa: vendor="X.Org Foundation"
[   102.511] 	compiled for 1.20.4, module version = 2.4.0
[   102.511] 	Module class: X.Org Video Driver
[   102.511] 	ABI class: X.Org Video Driver, version 24.0
[   102.511] (II) vmware: driver for VMware SVGA: vmware0405, vmware0710
[   102.511] (II) modesetting: Driver for Modesetting Kernel Drivers: kms
[   102.511] (II) FBDEV: driver for framebuffer: fbdev
[   102.511] (II) VESA: driver for VESA chipsets: vesa
[   102.511] xf86EnableIOPorts: failed to set IOPL for I/O (Operation not permitted)
[   102.511] (WW) Falling back to old probe method for modesetting
[   102.512] (WW) Falling back to old probe method for fbdev
[   102.512] (II) Loading sub module "fbdevhw"
[   102.512] (II) LoadModule: "fbdevhw"
[   102.512] (II) Loading /usr/lib/xorg/modules/libfbdevhw.so
[   102.529] (II) Module fbdevhw: vendor="X.Org Foundation"
[   102.529] 	compiled for 1.20.9, module version = 0.0.2
[   102.529] 	ABI class: X.Org Video Driver, version 24.1
[   102.529] (EE) open /dev/fb0: Permission denied
[   102.529] (WW) VGA arbiter: cannot open kernel arbiter, no multi-card support
[   102.529] (II) vmware(0): Creating default Display subsection in Screen section
	"Default Screen Section" for depth/fbbpp 24/32
[   102.530] (--) vmware(0): DRM driver version is 2.18.0
[   102.530] (==) vmware(0): Depth 24, (--) framebuffer bpp 32
[   102.530] (==) vmware(0): RGB weight 888
[   102.530] (==) vmware(0): Default visual is TrueColor
[   102.530] (--) vmware(0): Min width 1, Max Width 8192.
[   102.530] (--) vmware(0): Min height 1, Max Height 8192.
[   102.543] (II) vmware(0): Output Virtual1 has no monitor section
[   102.544] (II) vmware(0): Output Virtual2 has no monitor section
[   102.544] (II) vmware(0): Output Virtual3 has no monitor section
[   102.544] (II) vmware(0): Output Virtual4 has no monitor section
[   102.544] (II) vmware(0): Output Virtual5 has no monitor section
[   102.544] (II) vmware(0): Output Virtual6 has no monitor section
[   102.544] (II) vmware(0): Output Virtual7 has no monitor section
[   102.544] (II) vmware(0): Output Virtual8 has no monitor section
[   102.544] (II) vmware(0): Printing probed modes for output Virtual1
[   102.544] (II) vmware(0): Modeline "800x600"x60.0   42.75  800 850 900 950  600 650 700 750 -hsync +vsync (45.0 kHz eP)
[   102.544] (II) vmware(0): Modeline "2560x1600"x60.0  348.50  2560 2752 3032 3504  1600 1603 1609 1658 -hsync +vsync (99.5 kHz e)
[   102.544] (II) vmware(0): Modeline "1920x1440"x60.0  234.00  1920 2048 2256 2600  1440 1441 1444 1500 -hsync +vsync (90.0 kHz e)
[   102.544] (II) vmware(0): Modeline "1856x1392"x60.0  218.25  1856 1952 2176 2528  1392 1393 1396 1439 -hsync +vsync (86.3 kHz e)
[   102.544] (II) vmware(0): Modeline "1792x1344"x60.0  204.75  1792 1920 2120 2448  1344 1345 1348 1394 -hsync +vsync (83.6 kHz e)
[   102.544] (II) vmware(0): Modeline "1920x1200"x59.9  193.25  1920 2056 2256 2592  1200 1203 1209 1245 -hsync +vsync (74.6 kHz e)
[   102.544] (II) vmware(0): Modeline "1600x1200"x60.0  162.00  1600 1664 1856 2160  1200 1201 1204 1250 +hsync +vsync (75.0 kHz e)
[   102.544] (II) vmware(0): Modeline "1680x1050"x60.0  146.25  1680 1784 1960 2240  1050 1053 1059 1089 -hsync +vsync (65.3 kHz e)
[   102.544] (II) vmware(0): Modeline "1400x1050"x60.0  121.75  1400 1488 1632 1864  1050 1053 1057 1089 -hsync +vsync (65.3 kHz e)
[   102.544] (II) vmware(0): Modeline "1280x1024"x60.0  108.00  1280 1328 1440 1688  1024 1025 1028 1066 +hsync +vsync (64.0 kHz e)
[   102.544] (II) vmware(0): Modeline "1440x900"x59.9  106.50  1440 1520 1672 1904  900 903 909 934 -hsync +vsync (55.9 kHz e)
[   102.544] (II) vmware(0): Modeline "1280x960"x60.0  108.00  1280 1376 1488 1800  960 961 964 1000 +hsync +vsync (60.0 kHz e)
[   102.544] (II) vmware(0): Modeline "1360x768"x60.0   85.50  1360 1424 1536 1792  768 771 777 795 +hsync +vsync (47.7 kHz e)
[   102.544] (II) vmware(0): Modeline "1280x800"x59.8   83.50  1280 1352 1480 1680  800 803 809 831 +hsync -vsync (49.7 kHz e)
[   102.544] (II) vmware(0): Modeline "1152x864"x75.0  108.00  1152 1216 1344 1600  864 865 868 900 +hsync +vsync (67.5 kHz e)
[   102.544] (II) vmware(0): Modeline "1280x768"x59.9   79.50  1280 1344 1472 1664  768 771 778 798 -hsync +vsync (47.8 kHz e)
[   102.544] (II) vmware(0): Modeline "1024x768"x60.0   65.00  1024 1048 1184 1344  768 771 777 806 -hsync -vsync (48.4 kHz e)
[   102.544] (II) vmware(0): Modeline "800x600"x60.3   40.00  800 840 968 1056  600 601 605 628 +hsync +vsync (37.9 kHz e)
[   102.544] (II) vmware(0): Modeline "640x480"x59.9   25.18  640 656 752 800  480 489 492 525 -hsync -vsync (31.5 kHz e)
[   102.544] (II) vmware(0): EDID for output Virtual2
[   102.544] (II) vmware(0): EDID for output Virtual3
[   102.544] (II) vmware(0): EDID for output Virtual4
[   102.545] (II) vmware(0): EDID for output Virtual5
[   102.545] (II) vmware(0): EDID for output Virtual6
[   102.545] (II) vmware(0): EDID for output Virtual7
[   102.545] (II) vmware(0): EDID for output Virtual8
[   102.545] (II) vmware(0): Output Virtual1 connected
[   102.545] (II) vmware(0): Output Virtual2 disconnected
[   102.545] (II) vmware(0): Output Virtual3 disconnected
[   102.545] (II) vmware(0): Output Virtual4 disconnected
[   102.545] (II) vmware(0): Output Virtual5 disconnected
[   102.545] (II) vmware(0): Output Virtual6 disconnected
[   102.545] (II) vmware(0): Output Virtual7 disconnected
[   102.545] (II) vmware(0): Output Virtual8 disconnected
[   102.545] (II) vmware(0): Using exact sizes for initial modes
[   102.545] (II) vmware(0): Output Virtual1 using initial mode 800x600 +0+0
[   102.545] (==) vmware(0): DPI set to (96, 96)
[   102.545] (==) vmware(0): Using gamma correction (1.0, 1.0, 1.0)
[   102.545] (II) Loading sub module "fb"
[   102.545] (II) LoadModule: "fb"
[   102.545] (II) Loading /usr/lib/xorg/modules/libfb.so
[   102.554] (II) Module fb: vendor="X.Org Foundation"
[   102.554] 	compiled for 1.20.9, module version = 1.0.0
[   102.554] 	ABI class: X.Org ANSI C Emulation, version 0.4
[   102.554] (II) Loading sub module "dri2"
[   102.554] (II) LoadModule: "dri2"
[   102.554] (II) Module "dri2" already built-in
[   102.554] (II) Loading sub module "dri3"
[   102.554] (II) LoadModule: "dri3"
[   102.554] (II) Module "dri3" already built-in
[   102.554] (II) UnloadModule: "modesetting"
[   102.554] (II) Unloading modesetting
[   102.554] (II) UnloadModule: "fbdev"
[   102.554] (II) Unloading fbdev
[   102.555] (II) UnloadSubModule: "fbdevhw"
[   102.555] (II) Unloading fbdevhw
[   102.555] (II) UnloadModule: "vesa"
[   102.555] (II) Unloading vesa
[   102.568] (II) vmware(0): Initialized VMWARE_CTRL extension version 0.2
[   102.639] (WW) vmware(0): Failed to initialize Gallium3D Xa. No render acceleration available.
[   102.639] (WW) vmware(0): Skipped initialization of direct rendering due to lack of render acceleration.
[   102.639] (--) vmware(0): Render acceleration is disabled.
[   102.639] (==) vmware(0): Rendercheck mode is disabled.
[   102.639] (--) vmware(0): Direct rendering (DRI2 3D) is disabled.
[   102.639] (--) vmware(0): Direct rendering (DRI3 3D) is disabled.
[   102.639] (==) vmware(0): Backing store enabled
[   102.639] (==) vmware(0): Silken mouse enabled
[   102.645] (==) vmware(0): DPMS enabled
[   102.645] (II) vmware(0): No 3D acceleration. Not setting up textured video.
[   102.645] (WW) vmware(0): Disabling Xv because no adaptors could be initialized.
[   102.645] (II) Initializing extension Generic Event Extension
[   102.646] (II) Initializing extension SHAPE
[   102.646] (II) Initializing extension MIT-SHM
[   102.648] (II) Initializing extension XInputExtension
[   102.650] (II) Initializing extension XTEST
[   102.652] (II) Initializing extension BIG-REQUESTS
[   102.652] (II) Initializing extension SYNC
[   102.653] (II) Initializing extension XKEYBOARD
[   102.653] (II) Initializing extension XC-MISC
[   102.653] (II) Initializing extension SECURITY
[   102.654] (II) Initializing extension XFIXES
[   102.654] (II) Initializing extension RENDER
[   102.667] (II) Initializing extension RANDR
[   102.667] (II) Initializing extension COMPOSITE
[   102.667] (II) Initializing extension DAMAGE
[   102.668] (II) Initializing extension MIT-SCREEN-SAVER
[   102.668] (II) Initializing extension DOUBLE-BUFFER
[   102.668] (II) Initializing extension RECORD
[   102.668] (II) Initializing extension DPMS
[   102.668] (II) Initializing extension Present
[   102.668] (II) Initializing extension DRI3
[   102.668] (II) Initializing extension X-Resource
[   102.668] (II) Initializing extension XVideo
[   102.669] (II) Initializing extension XVideo-MotionCompensation
[   102.669] (II) Initializing extension SELinux
[   102.669] (II) SELinux: Disabled on system
[   102.669] (II) Initializing extension GLX
[   102.670] (II) AIGLX: Screen 0 is not DRI2 capable
[   102.724] (II) IGLX: Loaded and initialized swrast
[   102.725] (II) GLX: Initialized DRISWRAST GL provider for screen 0
[   102.725] (II) Initializing extension XFree86-VidModeExtension
[   102.725] (II) Initializing extension XFree86-DGA
[   102.725] (II) Initializing extension XFree86-DRI
[   102.725] (II) Initializing extension DRI2
[   102.730] (II) vmware(0): Setting screen physical size to 211 x 158
[   102.785] (II) config/udev: Adding input device Power Button (/dev/input/event0)
[   102.785] (**) Power Button: Applying InputClass "libinput keyboard catchall"
[   102.785] (II) LoadModule: "libinput"
[   102.785] (II) Loading /usr/lib/xorg/modules/input/libinput_drv.so
[   102.793] (II) Module libinput: vendor="X.Org Foundation"
[   102.793] 	compiled for 1.20.4, module version = 0.29.0
[   102.793] 	Module class: X.Org XInput Driver
[   102.793] 	ABI class: X.Org XInput driver, version 24.1
[   102.793] (II) Using input driver 'libinput' for 'Power Button'
[   102.794] (II) systemd-logind: got fd for /dev/input/event0 13:64 fd 20 paused 0
[   102.794] (**) Power Button: always reports core events
[   102.794] (**) Option "Device" "/dev/input/event0"
[   102.794] (**) Option "_source" "server/udev"
[   102.797] (II) event0  - Power Button: is tagged by udev as: Keyboard
[   102.797] (II) event0  - Power Button: device is a keyboard
[   102.797] (II) event0  - Power Button: device removed
[   102.798] (**) Option "config_info" "udev:/sys/devices/LNXSYSTM:00/LNXPWRBN:00/input/input0/event0"
[   102.798] (II) XINPUT: Adding extended input device "Power Button" (type: KEYBOARD, id 6)
[   102.798] (**) Option "xkb_model" "pc105"
[   102.798] (**) Option "xkb_layout" "us"
[   102.800] (II) event0  - Power Button: is tagged by udev as: Keyboard
[   102.800] (II) event0  - Power Button: device is a keyboard
[   102.800] (II) config/udev: Adding input device Sleep Button (/dev/input/event1)
[   102.800] (**) Sleep Button: Applying InputClass "libinput keyboard catchall"
[   102.800] (II) Using input driver 'libinput' for 'Sleep Button'
[   102.801] (II) systemd-logind: got fd for /dev/input/event1 13:65 fd 23 paused 0
[   102.801] (**) Sleep Button: always reports core events
[   102.801] (**) Option "Device" "/dev/input/event1"
[   102.801] (**) Option "_source" "server/udev"
[   102.803] (II) event1  - Sleep Button: is tagged by udev as: Keyboard
[   102.803] (II) event1  - Sleep Button: device is a keyboard
[   102.803] (II) event1  - Sleep Button: device removed
[   102.803] (**) Option "config_info" "udev:/sys/devices/LNXSYSTM:00/LNXSLPBN:00/input/input1/event1"
[   102.803] (II) XINPUT: Adding extended input device "Sleep Button" (type: KEYBOARD, id 7)
[   102.803] (**) Option "xkb_model" "pc105"
[   102.803] (**) Option "xkb_layout" "us"
[   102.804] (II) event1  - Sleep Button: is tagged by udev as: Keyboard
[   102.804] (II) event1  - Sleep Button: device is a keyboard
[   102.805] (II) config/udev: Adding input device Video Bus (/dev/input/event3)
[   102.805] (**) Video Bus: Applying InputClass "libinput keyboard catchall"
[   102.805] (II) Using input driver 'libinput' for 'Video Bus'
[   102.806] (II) systemd-logind: got fd for /dev/input/event3 13:67 fd 24 paused 0
[   102.806] (**) Video Bus: always reports core events
[   102.806] (**) Option "Device" "/dev/input/event3"
[   102.806] (**) Option "_source" "server/udev"
[   102.807] (II) event3  - Video Bus: is tagged by udev as: Keyboard
[   102.807] (II) event3  - Video Bus: device is a keyboard
[   102.807] (II) event3  - Video Bus: device removed
[   102.807] (**) Option "config_info" "udev:/sys/devices/LNXSYSTM:00/LNXSYBUS:00/PNP0A03:00/LNXVIDEO:00/input/input4/event3"
[   102.807] (II) XINPUT: Adding extended input device "Video Bus" (type: KEYBOARD, id 8)
[   102.807] (**) Option "xkb_model" "pc105"
[   102.807] (**) Option "xkb_layout" "us"
[   102.808] (II) event3  - Video Bus: is tagged by udev as: Keyboard
[   102.808] (II) event3  - Video Bus: device is a keyboard
[   102.809] (II) config/udev: Adding input device VirtualBox mouse integration (/dev/input/event6)
[   102.809] (**) VirtualBox mouse integration: Applying InputClass "libinput pointer catchall"
[   102.809] (II) Using input driver 'libinput' for 'VirtualBox mouse integration'
[   102.810] (II) systemd-logind: got fd for /dev/input/event6 13:70 fd 25 paused 0
[   102.810] (**) VirtualBox mouse integration: always reports core events
[   102.810] (**) Option "Device" "/dev/input/event6"
[   102.810] (**) Option "_source" "server/udev"
[   102.811] (II) event6  - VirtualBox mouse integration: is tagged by udev as: Mouse
[   102.816] (II) event6  - VirtualBox mouse integration: device is a pointer
[   102.816] (II) event6  - VirtualBox mouse integration: device removed
[   102.816] (**) Option "config_info" "udev:/sys/devices/pci0000:00/0000:00:04.0/input/input7/event6"
[   102.817] (II) XINPUT: Adding extended input device "VirtualBox mouse integration" (type: MOUSE, id 9)
[   102.817] (**) Option "AccelerationScheme" "none"
[   102.818] (**) VirtualBox mouse integration: (accel) selected scheme none/0
[   102.818] (**) VirtualBox mouse integration: (accel) acceleration factor: 2.000
[   102.818] (**) VirtualBox mouse integration: (accel) acceleration threshold: 4
[   102.820] (II) event6  - VirtualBox mouse integration: is tagged by udev as: Mouse
[   102.820] (II) event6  - VirtualBox mouse integration: device is a pointer
[   102.820] (II) config/udev: Adding input device VirtualBox mouse integration (/dev/input/js1)
[   102.820] (II) No input driver specified, ignoring this device.
[   102.820] (II) This device may have been added with another device file.
[   102.821] (II) config/udev: Adding input device VirtualBox USB Tablet (/dev/input/event5)
[   102.821] (**) VirtualBox USB Tablet: Applying InputClass "libinput pointer catchall"
[   102.821] (II) Using input driver 'libinput' for 'VirtualBox USB Tablet'
[   102.879] (II) systemd-logind: got fd for /dev/input/event5 13:69 fd 26 paused 0
[   102.879] (**) VirtualBox USB Tablet: always reports core events
[   102.879] (**) Option "Device" "/dev/input/event5"
[   102.879] (**) Option "_source" "server/udev"
[   102.880] (II) event5  - VirtualBox USB Tablet: is tagged by udev as: Mouse
[   102.880] (II) event5  - VirtualBox USB Tablet: device is a pointer
[   102.880] (II) event5  - VirtualBox USB Tablet: device removed
[   102.880] (**) Option "config_info" "udev:/sys/devices/pci0000:00/0000:00:06.0/usb1/1-1/1-1:1.0/0003:80EE:0021.0001/input/input6/event5"
[   102.880] (II) XINPUT: Adding extended input device "VirtualBox USB Tablet" (type: MOUSE, id 10)
[   102.880] (**) Option "AccelerationScheme" "none"
[   102.880] (**) VirtualBox USB Tablet: (accel) selected scheme none/0
[   102.880] (**) VirtualBox USB Tablet: (accel) acceleration factor: 2.000
[   102.880] (**) VirtualBox USB Tablet: (accel) acceleration threshold: 4
[   102.881] (II) event5  - VirtualBox USB Tablet: is tagged by udev as: Mouse
[   102.882] (II) event5  - VirtualBox USB Tablet: device is a pointer
[   102.882] (II) config/udev: Adding input device VirtualBox USB Tablet (/dev/input/js0)
[   102.882] (II) No input driver specified, ignoring this device.
[   102.882] (II) This device may have been added with another device file.
[   102.883] (II) config/udev: Adding input device VirtualBox USB Tablet (/dev/input/mouse1)
[   102.883] (II) No input driver specified, ignoring this device.
[   102.883] (II) This device may have been added with another device file.
[   102.883] (II) config/udev: Adding input device AT Translated Set 2 keyboard (/dev/input/event2)
[   102.883] (**) AT Translated Set 2 keyboard: Applying InputClass "libinput keyboard catchall"
[   102.883] (II) Using input driver 'libinput' for 'AT Translated Set 2 keyboard'
[   102.885] (II) systemd-logind: got fd for /dev/input/event2 13:66 fd 27 paused 0
[   102.885] (**) AT Translated Set 2 keyboard: always reports core events
[   102.885] (**) Option "Device" "/dev/input/event2"
[   102.885] (**) Option "_source" "server/udev"
[   102.886] (II) event2  - AT Translated Set 2 keyboard: is tagged by udev as: Keyboard
[   102.886] (II) event2  - AT Translated Set 2 keyboard: device is a keyboard
[   102.887] (II) event2  - AT Translated Set 2 keyboard: device removed
[   102.887] (**) Option "config_info" "udev:/sys/devices/platform/i8042/serio0/input/input2/event2"
[   102.887] (II) XINPUT: Adding extended input device "AT Translated Set 2 keyboard" (type: KEYBOARD, id 11)
[   102.887] (**) Option "xkb_model" "pc105"
[   102.887] (**) Option "xkb_layout" "us"
[   102.888] (II) event2  - AT Translated Set 2 keyboard: is tagged by udev as: Keyboard
[   102.888] (II) event2  - AT Translated Set 2 keyboard: device is a keyboard
[   102.888] (II) config/udev: Adding input device ImExPS/2 Generic Explorer Mouse (/dev/input/event4)
[   102.888] (**) ImExPS/2 Generic Explorer Mouse: Applying InputClass "libinput pointer catchall"
[   102.888] (II) Using input driver 'libinput' for 'ImExPS/2 Generic Explorer Mouse'
[   102.890] (II) systemd-logind: got fd for /dev/input/event4 13:68 fd 28 paused 0
[   102.890] (**) ImExPS/2 Generic Explorer Mouse: always reports core events
[   102.890] (**) Option "Device" "/dev/input/event4"
[   102.890] (**) Option "_source" "server/udev"
[   102.891] (II) event4  - ImExPS/2 Generic Explorer Mouse: is tagged by udev as: Mouse
[   102.891] (II) event4  - ImExPS/2 Generic Explorer Mouse: device is a pointer
[   102.891] (II) event4  - ImExPS/2 Generic Explorer Mouse: device removed
[   102.891] (**) Option "config_info" "udev:/sys/devices/platform/i8042/serio1/input/input5/event4"
[   102.891] (II) XINPUT: Adding extended input device "ImExPS/2 Generic Explorer Mouse" (type: MOUSE, id 12)
[   102.891] (**) Option "AccelerationScheme" "none"
[   102.891] (**) ImExPS/2 Generic Explorer Mouse: (accel) selected scheme none/0
[   102.891] (**) ImExPS/2 Generic Explorer Mouse: (accel) acceleration factor: 2.000
[   102.891] (**) ImExPS/2 Generic Explorer Mouse: (accel) acceleration threshold: 4
[   102.892] (II) event4  - ImExPS/2 Generic Explorer Mouse: is tagged by udev as: Mouse
[   102.892] (II) event4  - ImExPS/2 Generic Explorer Mouse: device is a pointer
[   102.893] (II) config/udev: Adding input device ImExPS/2 Generic Explorer Mouse (/dev/input/mouse0)
[   102.893] (II) No input driver specified, ignoring this device.
[   102.893] (II) This device may have been added with another device file.
